This is pdfTeX, Version 3.14159265-2.6-1.40.16 (TeX Live 2015) (preloaded format=pdflatex 2015.6.23)  11 SEP 2015 04:08
entering extended mode
 restricted \write18 enabled.
 file:line:error style messages enabled.
 %&-line parsing enabled.
**thesis-done.tex
(./thesis-done.tex
LaTeX2e <2015/01/01>
Babel <3.9l> and hyphenation patterns for 79 languages loaded.
(/usr/local/texlive/2015/texmf-dist/tex/latex/base/report.cls
Document Class: report 2014/09/29 v1.4h Standard LaTeX document class
(/usr/local/texlive/2015/texmf-dist/tex/latex/base/size12.clo
File: size12.clo 2014/09/29 v1.4h Standard LaTeX file (size option)
)
\c@part=\count79
\c@chapter=\count80
\c@section=\count81
\c@subsection=\count82
\c@subsubsection=\count83
\c@paragraph=\count84
\c@subparagraph=\count85
\c@figure=\count86
\c@table=\count87
\abovecaptionskip=\skip41
\belowcaptionskip=\skip42
\bibindent=\dimen102
)
(/usr/local/texlive/2015/texmf-dist/tex/latex/graphics/graphicx.sty
Package: graphicx 2014/10/28 v1.0g Enhanced LaTeX Graphics (DPC,SPQR)

(/usr/local/texlive/2015/texmf-dist/tex/latex/graphics/keyval.sty
Package: keyval 2014/10/28 v1.15 key=value parser (DPC)
\KV@toks@=\toks14
)
(/usr/local/texlive/2015/texmf-dist/tex/latex/graphics/graphics.sty
Package: graphics 2014/10/28 v1.0p Standard LaTeX Graphics (DPC,SPQR)

(/usr/local/texlive/2015/texmf-dist/tex/latex/graphics/trig.sty
Package: trig 1999/03/16 v1.09 sin cos tan (DPC)
)
(/usr/local/texlive/2015/texmf-dist/tex/latex/latexconfig/graphics.cfg
File: graphics.cfg 2010/04/23 v1.9 graphics configuration of TeX Live
)
Package graphics Info: Driver file: pdftex.def on input line 94.

(/usr/local/texlive/2015/texmf-dist/tex/latex/pdftex-def/pdftex.def
File: pdftex.def 2011/05/27 v0.06d Graphics/color for pdfTeX

(/usr/local/texlive/2015/texmf-dist/tex/generic/oberdiek/infwarerr.sty
Package: infwarerr 2010/04/08 v1.3 Providing info/warning/error messages (HO)
)
(/usr/local/texlive/2015/texmf-dist/tex/generic/oberdiek/ltxcmds.sty
Package: ltxcmds 2011/11/09 v1.22 LaTeX kernel commands for general use (HO)
)
\Gread@gobject=\count88
))
\Gin@req@height=\dimen103
\Gin@req@width=\dimen104
)
(/usr/local/texlive/2015/texmf-dist/tex/latex/tocloft/tocloft.sty
Package: tocloft 2013/05/02 v2.3f parameterised ToC, etc., typesetting
Package tocloft Info: The document has chapter divisions on input line 44.
\cftparskip=\skip43
\cftbeforetoctitleskip=\skip44
\cftaftertoctitleskip=\skip45
\cftbeforepartskip=\skip46
\cftpartnumwidth=\skip47
\cftpartindent=\skip48
\cftbeforechapskip=\skip49
\cftchapindent=\skip50
\cftchapnumwidth=\skip51
\cftbeforesecskip=\skip52
\cftsecindent=\skip53
\cftsecnumwidth=\skip54
\cftbeforesubsecskip=\skip55
\cftsubsecindent=\skip56
\cftsubsecnumwidth=\skip57
\cftbeforesubsubsecskip=\skip58
\cftsubsubsecindent=\skip59
\cftsubsubsecnumwidth=\skip60
\cftbeforeparaskip=\skip61
\cftparaindent=\skip62
\cftparanumwidth=\skip63
\cftbeforesubparaskip=\skip64
\cftsubparaindent=\skip65
\cftsubparanumwidth=\skip66
\cftbeforeloftitleskip=\skip67
\cftafterloftitleskip=\skip68
\cftbeforefigskip=\skip69
\cftfigindent=\skip70
\cftfignumwidth=\skip71
\c@lofdepth=\count89
\c@lotdepth=\count90
\cftbeforelottitleskip=\skip72
\cftafterlottitleskip=\skip73
\cftbeforetabskip=\skip74
\cfttabindent=\skip75
\cfttabnumwidth=\skip76
)
(/usr/local/texlive/2015/texmf-dist/tex/latex/acronym/acronym.sty
Package: acronym 2015/03/21 v1.41 Support for acronyms (Tobias Oetiker)

(/usr/local/texlive/2015/texmf-dist/tex/latex/bigfoot/suffix.sty
Package: suffix 2006/07/15 1.5a Variant command support
)
(/usr/local/texlive/2015/texmf-dist/tex/generic/xstring/xstring.sty
(/usr/local/texlive/2015/texmf-dist/tex/generic/xstring/xstring.tex
\@xs@message=\write3
\integerpart=\count91
\decimalpart=\count92
)
Package: xstring 2013/10/13  v1.7c  String manipulations (C Tellechea)
)
(/usr/local/texlive/2015/texmf-dist/tex/latex/relsize/relsize.sty
Package: relsize 2013/03/29 ver 4.1
)
\AC@clearlist=\toks15
)
(/usr/local/texlive/2015/texmf-dist/tex/latex/amsfonts/amsfonts.sty
Package: amsfonts 2013/01/14 v3.01 Basic AMSFonts support
\@emptytoks=\toks16
\symAMSa=\mathgroup4
\symAMSb=\mathgroup5
LaTeX Font Info:    Overwriting math alphabet `\mathfrak' in version `bold'
(Font)                  U/euf/m/n --> U/euf/b/n on input line 106.
)
(/usr/local/texlive/2015/texmf-dist/tex/latex/amsmath/amsmath.sty
Package: amsmath 2013/01/14 v2.14 AMS math features
\@mathmargin=\skip77

For additional information on amsmath, use the `?' option.
(/usr/local/texlive/2015/texmf-dist/tex/latex/amsmath/amstext.sty
Package: amstext 2000/06/29 v2.01

(/usr/local/texlive/2015/texmf-dist/tex/latex/amsmath/amsgen.sty
File: amsgen.sty 1999/11/30 v2.0
\@emptytoks=\toks17
\ex@=\dimen105
))
(/usr/local/texlive/2015/texmf-dist/tex/latex/amsmath/amsbsy.sty
Package: amsbsy 1999/11/29 v1.2d
\pmbraise@=\dimen106
)
(/usr/local/texlive/2015/texmf-dist/tex/latex/amsmath/amsopn.sty
Package: amsopn 1999/12/14 v2.01 operator names
)
\inf@bad=\count93
LaTeX Info: Redefining \frac on input line 210.
\uproot@=\count94
\leftroot@=\count95
LaTeX Info: Redefining \overline on input line 306.
\classnum@=\count96
\DOTSCASE@=\count97
LaTeX Info: Redefining \ldots on input line 378.
LaTeX Info: Redefining \dots on input line 381.
LaTeX Info: Redefining \cdots on input line 466.
\Mathstrutbox@=\box26
\strutbox@=\box27
\big@size=\dimen107
LaTeX Font Info:    Redeclaring font encoding OML on input line 566.
LaTeX Font Info:    Redeclaring font encoding OMS on input line 567.
\macc@depth=\count98
\c@MaxMatrixCols=\count99
\dotsspace@=\muskip10
\c@parentequation=\count100
\dspbrk@lvl=\count101
\tag@help=\toks18
\row@=\count102
\column@=\count103
\maxfields@=\count104
\andhelp@=\toks19
\eqnshift@=\dimen108
\alignsep@=\dimen109
\tagshift@=\dimen110
\tagwidth@=\dimen111
\totwidth@=\dimen112
\lineht@=\dimen113
\@envbody=\toks20
\multlinegap=\skip78
\multlinetaggap=\skip79
\mathdisplay@stack=\toks21
LaTeX Info: Redefining \[ on input line 2665.
LaTeX Info: Redefining \] on input line 2666.
)
(./atlasphysics.sty
\hrs=\count105
\minu=\count106
\temptime=\count107
\boxsqbox=\box28
\boxsize=\dimen114
\dkwidth=\dimen115
)
(/usr/local/texlive/2015/texmf-dist/tex/latex/bbold/bbold.sty
Package: bbold 1994/04/06 Bbold symbol package
LaTeX Font Info:    Redeclaring math alphabet \mathbb on input line 42.
)
(/usr/local/texlive/2015/texmf-dist/tex/latex/graphics/lscape.sty
Package: lscape 2000/10/22 v3.01 Landscape Pages (DPC)
)
(/usr/local/texlive/2015/texmf-dist/tex/latex/booktabs/booktabs.sty
Package: booktabs 2005/04/14 v1.61803 publication quality tables
\heavyrulewidth=\dimen116
\lightrulewidth=\dimen117
\cmidrulewidth=\dimen118
\belowrulesep=\dimen119
\belowbottomsep=\dimen120
\aboverulesep=\dimen121
\abovetopsep=\dimen122
\cmidrulesep=\dimen123
\cmidrulekern=\dimen124
\defaultaddspace=\dimen125
\@cmidla=\count108
\@cmidlb=\count109
\@aboverulesep=\dimen126
\@belowrulesep=\dimen127
\@thisruleclass=\count110
\@lastruleclass=\count111
\@thisrulewidth=\dimen128
)
(/usr/local/texlive/2015/texmf-dist/tex/latex/changebar/changebar.sty
Package: changebar 2005/09/18 v3.5c Indicate changes with marginal bars
\cb@nextpoint=\count112
\cb@topleft=\count113
\cb@topright=\count114
\cb@botleft=\count115
\cb@botright=\count116
\cb@cnta=\count117
\cb@cntb=\count118
\cb@dima=\dimen129
\cb@curbarwd=\dimen130
\cb@page=\count119
\cb@pagecount=\count120
\cb@odd@left=\dimen131
\cb@odd@right=\dimen132
\cb@even@left=\dimen133
\cb@even@right=\dimen134
\cb@writexy=\write4
\cb@readxy=\read1
\openout4 = `thesis-done.cb2'.

\changebarwidth=\skip80
\deletebarwidth=\skip81
\changebarsep=\skip82
\c@changebargrey=\count121

(/usr/local/texlive/2015/texmf-dist/tex/latex/graphics/color.sty
Package: color 2014/10/28 v1.1a Standard LaTeX Color (DPC)

(/usr/local/texlive/2015/texmf-dist/tex/latex/latexconfig/color.cfg
File: color.cfg 2007/01/18 v1.5 color configuration of teTeX/TeXLive
)
Package color Info: Driver file: pdftex.def on input line 142.
)
\cb@write=\write5
\cb@read=\read2
\openout5 = `thesis-done.cb'.

)
(/usr/local/texlive/2015/texmf-dist/tex/latex/fancyhdr/fancyhdr.sty
\fancy@headwidth=\skip83
\f@ncyO@elh=\skip84
\f@ncyO@erh=\skip85
\f@ncyO@olh=\skip86
\f@ncyO@orh=\skip87
\f@ncyO@elf=\skip88
\f@ncyO@erf=\skip89
\f@ncyO@olf=\skip90
\f@ncyO@orf=\skip91
)
(/usr/local/texlive/2015/texmf-dist/tex/latex/hyperref/hyperref.sty
Package: hyperref 2012/11/06 v6.83m Hypertext links for LaTeX

(/usr/local/texlive/2015/texmf-dist/tex/generic/oberdiek/hobsub-hyperref.sty
Package: hobsub-hyperref 2012/05/28 v1.13 Bundle oberdiek, subset hyperref (HO)


(/usr/local/texlive/2015/texmf-dist/tex/generic/oberdiek/hobsub-generic.sty
Package: hobsub-generic 2012/05/28 v1.13 Bundle oberdiek, subset generic (HO)
Package: hobsub 2012/05/28 v1.13 Construct package bundles (HO)
Package hobsub Info: Skipping package `infwarerr' (already loaded).
Package hobsub Info: Skipping package `ltxcmds' (already loaded).
Package: ifluatex 2010/03/01 v1.3 Provides the ifluatex switch (HO)
Package ifluatex Info: LuaTeX not detected.
Package: ifvtex 2010/03/01 v1.5 Detect VTeX and its facilities (HO)
Package ifvtex Info: VTeX not detected.
Package: intcalc 2007/09/27 v1.1 Expandable calculations with integers (HO)
Package: ifpdf 2011/01/30 v2.3 Provides the ifpdf switch (HO)
Package ifpdf Info: pdfTeX in PDF mode is detected.
Package: etexcmds 2011/02/16 v1.5 Avoid name clashes with e-TeX commands (HO)
Package etexcmds Info: Could not find \expanded.
(etexcmds)             That can mean that you are not using pdfTeX 1.50 or
(etexcmds)             that some package has redefined \expanded.
(etexcmds)             In the latter case, load this package earlier.
Package: kvsetkeys 2012/04/25 v1.16 Key value parser (HO)
Package: kvdefinekeys 2011/04/07 v1.3 Define keys (HO)
Package: pdftexcmds 2011/11/29 v0.20 Utility functions of pdfTeX for LuaTeX (HO
)
Package pdftexcmds Info: LuaTeX not detected.
Package pdftexcmds Info: \pdf@primitive is available.
Package pdftexcmds Info: \pdf@ifprimitive is available.
Package pdftexcmds Info: \pdfdraftmode found.
Package: pdfescape 2011/11/25 v1.13 Implements pdfTeX's escape features (HO)
Package: bigintcalc 2012/04/08 v1.3 Expandable calculations on big integers (HO
)
Package: bitset 2011/01/30 v1.1 Handle bit-vector datatype (HO)
Package: uniquecounter 2011/01/30 v1.2 Provide unlimited unique counter (HO)
)
Package hobsub Info: Skipping package `hobsub' (already loaded).
Package: letltxmacro 2010/09/02 v1.4 Let assignment for LaTeX macros (HO)
Package: hopatch 2012/05/28 v1.2 Wrapper for package hooks (HO)
Package: xcolor-patch 2011/01/30 xcolor patch
Package: atveryend 2011/06/30 v1.8 Hooks at the very end of document (HO)
Package atveryend Info: \enddocument detected (standard20110627).
Package: atbegshi 2011/10/05 v1.16 At begin shipout hook (HO)
Package: refcount 2011/10/16 v3.4 Data extraction from label references (HO)
Package: hycolor 2011/01/30 v1.7 Color options for hyperref/bookmark (HO)
)
(/usr/local/texlive/2015/texmf-dist/tex/generic/ifxetex/ifxetex.sty
Package: ifxetex 2010/09/12 v0.6 Provides ifxetex conditional
)
(/usr/local/texlive/2015/texmf-dist/tex/latex/oberdiek/auxhook.sty
Package: auxhook 2011/03/04 v1.3 Hooks for auxiliary files (HO)
)
(/usr/local/texlive/2015/texmf-dist/tex/latex/oberdiek/kvoptions.sty
Package: kvoptions 2011/06/30 v3.11 Key value format for package options (HO)
)
\@linkdim=\dimen135
\Hy@linkcounter=\count122
\Hy@pagecounter=\count123

(/usr/local/texlive/2015/texmf-dist/tex/latex/hyperref/pd1enc.def
File: pd1enc.def 2012/11/06 v6.83m Hyperref: PDFDocEncoding definition (HO)
)
\Hy@SavedSpaceFactor=\count124

(/usr/local/texlive/2015/texmf-dist/tex/latex/latexconfig/hyperref.cfg
File: hyperref.cfg 2002/06/06 v1.2 hyperref configuration of TeXLive
)
Package hyperref Info: Hyper figures OFF on input line 4443.
Package hyperref Info: Link nesting OFF on input line 4448.
Package hyperref Info: Hyper index ON on input line 4451.
Package hyperref Info: Plain pages OFF on input line 4458.
Package hyperref Info: Backreferencing OFF on input line 4463.
Package hyperref Info: Implicit mode ON; LaTeX internals redefined.
Package hyperref Info: Bookmarks ON on input line 4688.
\c@Hy@tempcnt=\count125

(/usr/local/texlive/2015/texmf-dist/tex/latex/url/url.sty
\Urlmuskip=\muskip11
Package: url 2013/09/16  ver 3.4  Verb mode for urls, etc.
)
LaTeX Info: Redefining \url on input line 5041.
\XeTeXLinkMargin=\dimen136
\Fld@menulength=\count126
\Field@Width=\dimen137
\Fld@charsize=\dimen138
Package hyperref Info: Hyper figures OFF on input line 6295.
Package hyperref Info: Link nesting OFF on input line 6300.
Package hyperref Info: Hyper index ON on input line 6303.
Package hyperref Info: backreferencing OFF on input line 6310.
Package hyperref Info: Link coloring OFF on input line 6315.
Package hyperref Info: Link coloring with OCG OFF on input line 6320.
Package hyperref Info: PDF/A mode OFF on input line 6325.
LaTeX Info: Redefining \ref on input line 6365.
LaTeX Info: Redefining \pageref on input line 6369.
\Hy@abspage=\count127
\c@Item=\count128
\c@Hfootnote=\count129
)

Package hyperref Message: Driver (autodetected): hpdftex.

(/usr/local/texlive/2015/texmf-dist/tex/latex/hyperref/hpdftex.def
File: hpdftex.def 2012/11/06 v6.83m Hyperref driver for pdfTeX
\Fld@listcount=\count130
\c@bookmark@seq@number=\count131

(/usr/local/texlive/2015/texmf-dist/tex/latex/oberdiek/rerunfilecheck.sty
Package: rerunfilecheck 2011/04/15 v1.7 Rerun checks for auxiliary files (HO)
Package uniquecounter Info: New unique counter `rerunfilecheck' on input line 2
82.
)
\Hy@SectionHShift=\skip92
)
(/usr/local/texlive/2015/texmf-dist/tex/latex/lineno/lineno.sty
Package: lineno 2005/11/02 line numbers on paragraphs v4.41
\linenopenalty=\count132
\output=\toks22
\linenoprevgraf=\count133
\linenumbersep=\dimen139
\linenumberwidth=\dimen140
\c@linenumber=\count134
\c@pagewiselinenumber=\count135
\c@LN@truepage=\count136
\c@internallinenumber=\count137
\c@internallinenumbers=\count138
\quotelinenumbersep=\dimen141
\bframerule=\dimen142
\bframesep=\dimen143
\bframebox=\box29
LaTeX Info: Redefining \\ on input line 3056.
)
(/usr/local/texlive/2015/texmf-dist/tex/latex/jknapltx/mathrsfs.sty
Package: mathrsfs 1996/01/01 Math RSFS package v1.0 (jk)
\symrsfs=\mathgroup6
)
(/usr/local/texlive/2015/texmf-dist/tex/latex/multirow/multirow.sty
\bigstrutjot=\dimen144
)
(/usr/local/texlive/2015/texmf-dist/tex/latex/pdfpages/pdfpages.sty
Package: pdfpages 2015/05/11 v0.4x Insert pages of external PDF documents (AM)

(/usr/local/texlive/2015/texmf-dist/tex/latex/base/ifthen.sty
Package: ifthen 2014/09/29 v1.1c Standard LaTeX ifthen package (DPC)
)
(/usr/local/texlive/2015/texmf-dist/tex/latex/tools/calc.sty
Package: calc 2014/10/28 v4.3 Infix arithmetic (KKT,FJ)
\calc@Acount=\count139
\calc@Bcount=\count140
\calc@Adimen=\dimen145
\calc@Bdimen=\dimen146
\calc@Askip=\skip93
\calc@Bskip=\skip94
LaTeX Info: Redefining \setlength on input line 80.
LaTeX Info: Redefining \addtolength on input line 81.
\calc@Ccount=\count141
\calc@Cskip=\skip95
)
(/usr/local/texlive/2015/texmf-dist/tex/latex/eso-pic/eso-pic.sty
Package: eso-pic 2015/04/20 v2.0e eso-pic (RN)
)
\AM@pagewidth=\dimen147
\AM@pageheight=\dimen148

(/usr/local/texlive/2015/texmf-dist/tex/latex/pdfpages/pppdftex.def
File: pppdftex.def 2015/05/11 v0.4x Pdfpages driver for pdfTeX (AM)
)
\AM@pagebox=\box30
\AM@toc@title=\toks23
\c@AM@survey=\count142
\AM@templatesizebox=\box31
)
(/usr/local/texlive/2015/texmf-dist/tex/latex/sectsty/sectsty.sty
Package: sectsty 2002/02/25 v2.0.2 Commands to change all sectional heading sty
les
)
(/usr/local/texlive/2015/texmf-dist/tex/latex/setspace/setspace.sty
Package: setspace 2011/12/19 v6.7a set line spacing
)
(/usr/local/texlive/2015/texmf-dist/tex/latex/subfig/subfig.sty
Package: subfig 2005/06/28 ver: 1.3 subfig package

(/usr/local/texlive/2015/texmf-dist/tex/latex/caption/caption.sty
Package: caption 2013/05/02 v3.3-89 Customizing captions (AR)

(/usr/local/texlive/2015/texmf-dist/tex/latex/caption/caption3.sty
Package: caption3 2013/05/02 v1.6-88 caption3 kernel (AR)
Package caption3 Info: TeX engine: e-TeX on input line 57.
\captionmargin=\dimen149
\captionmargin@=\dimen150
\captionwidth=\dimen151
\caption@tempdima=\dimen152
\caption@indent=\dimen153
\caption@parindent=\dimen154
\caption@hangindent=\dimen155
)
\c@ContinuedFloat=\count143
Package caption Info: hyperref package is loaded.
)
\c@KVtest=\count144
\sf@farskip=\skip96
\sf@captopadj=\dimen156
\sf@capskip=\skip97
\sf@nearskip=\skip98
\c@subfigure=\count145
\c@subfigure@save=\count146
\c@subtable=\count147
\c@subtable@save=\count148
\sf@top=\skip99
\sf@bottom=\skip100
)
(/usr/local/texlive/2015/texmf-dist/tex/latex/type1cm/type1cm.sty
Package: type1cm 2002/09/05 v0.04 BlueSky/Y&Y Type1 CM font definitions (DPC, p
atched RF)
)
(/usr/local/texlive/2015/texmf-dist/tex/generic/ulem/ulem.sty
\UL@box=\box32
\UL@hyphenbox=\box33
\UL@skip=\skip101
\UL@hook=\toks24
\UL@height=\dimen157
\UL@pe=\count149
\UL@pixel=\dimen158
\ULC@box=\box34
Package: ulem 2012/05/18
\ULdepth=\dimen159
)
(/usr/local/texlive/2015/texmf-dist/tex/latex/tools/xspace.sty
Package: xspace 2014/10/28 v1.13 Space after command names (DPC,MH)
) (./upgreek.sty
Package: upgreek 2003/02/12 v2.0 (WaS)
Package upgreek Info: Using Euler Roman for upright Greek on input line 31.
\symugrf@m=\mathgroup7
LaTeX Font Info:    Overwriting symbol font `ugrf@m' in version `bold'
(Font)                  U/eur/m/n --> U/eur/b/n on input line 38.
) (/usr/local/texlive/2015/texmf-dist/tex/latex/cprotect/cprotect.sty
Package: cprotect 2011/01/27 v1.0e (Bruno Le Floch)
\CPT@WriteOut=\write6
\c@CPT@WriteCount=\count150
\c@CPT@numB=\count151
\CPT@commandatend@toks=\toks25
)
(/usr/local/texlive/2015/texmf-dist/tex/latex/verbatimbox/verbatimbox.sty
Package: verbatimbox 2014/03/12 v3.13 Routines for placing verbatim text into b
oxes, useful in places where the verbatim environment is inaccessible. Secondar
ily, for adding vertical buffer around an object.

(/usr/local/texlive/2015/texmf-dist/tex/latex/tools/verbatim.sty
Package: verbatim 2014/10/28 v1.5q LaTeX2e package for verbatim enhancements
\every@verbatim=\toks26
\verbatim@line=\toks27
\verbatim@in@stream=\read3
)
(/usr/local/texlive/2015/texmf-dist/tex/latex/readarray/readarray.sty
Package: readarray 2013/05/09 v1.2 Routines for inputting array data and recall
ing it on an element-by-element basis. Currently supports 2-D and 3-D array

(/usr/local/texlive/2015/texmf-dist/tex/latex/ifnextok/ifnextok.sty
Package: ifnextok 2011/06/27 v0.3 test next token (UL)
)
\c@@index=\count152
\c@@plane=\count153
\c@@row=\count154
\c@@col=\count155
\c@use@args=\count156
\c@@record=\count157
\c@arg@index=\count158
\c@break@count=\count159
)
\savedverbbox=\box35
\c@VerbboxLineNo=\count160
\boxtopsep=\dimen160
\boxbottomsep=\dimen161
\ps@tempdima=\dimen162
\ps@tempboxa=\box36
\boxtop@sep=\skip102
\boxbottom@sep=\skip103
)
(/usr/local/texlive/2015/texmf-dist/tex/latex/feynmf/feynmp.sty
Package: feynmp 1996/12/02 v1.08 LaTeX/MetaPost Feynman Diagram Package (ohl)
\@outfmf=\write7
\fmfbuf@=\toks28
\c@fmfgraph=\count161
)
(./fncychap.sty
Package: fncychap 2007/07/30 v1.34 LaTeX package (Revised chapters)
\RW=\skip104
\mylen=\skip105
\myhi=\skip106
\px=\skip107
\py=\skip108
\pyy=\skip109
\pxx=\skip110
) (./lhcb-symbols-def.tex)
Package hyperref Info: Option `colorlinks' set `true' on input line 58.


Package hyperref Warning: Token not allowed in a PDF string (PDFDocEncoding):
(hyperref)                removing `\\' on input line 58.


Package hyperref Warning: Token not allowed in a PDF string (PDFDocEncoding):
(hyperref)                removing `math shift' on input line 58.


Package hyperref Warning: Token not allowed in a PDF string (PDFDocEncoding):
(hyperref)                removing `\rightarrow' on input line 58.


Package hyperref Warning: Token not allowed in a PDF string (PDFDocEncoding):
(hyperref)                removing `\ell' on input line 58.


Package hyperref Warning: Token not allowed in a PDF string (PDFDocEncoding):
(hyperref)                removing `superscript' on input line 58.


Package hyperref Warning: Token not allowed in a PDF string (PDFDocEncoding):
(hyperref)                removing `\ell' on input line 58.


Package hyperref Warning: Token not allowed in a PDF string (PDFDocEncoding):
(hyperref)                removing `superscript' on input line 58.


Package hyperref Warning: Token not allowed in a PDF string (PDFDocEncoding):
(hyperref)                removing `math shift' on input line 58.


Package hyperref Warning: Token not allowed in a PDF string (PDFDocEncoding):
(hyperref)                removing `\\' on input line 58.

(./thesis-done.aux)
\openout1 = `thesis-done.aux'.

LaTeX Font Info:    Checking defaults for OML/cmm/m/it on input line 117.
LaTeX Font Info:    ... okay on input line 117.
LaTeX Font Info:    Checking defaults for T1/cmr/m/n on input line 117.
LaTeX Font Info:    ... okay on input line 117.
LaTeX Font Info:    Checking defaults for OT1/cmr/m/n on input line 117.
LaTeX Font Info:    ... okay on input line 117.
LaTeX Font Info:    Checking defaults for OMS/cmsy/m/n on input line 117.
LaTeX Font Info:    ... okay on input line 117.
LaTeX Font Info:    Checking defaults for OMX/cmex/m/n on input line 117.
LaTeX Font Info:    ... okay on input line 117.
LaTeX Font Info:    Checking defaults for U/cmr/m/n on input line 117.
LaTeX Font Info:    ... okay on input line 117.
LaTeX Font Info:    Checking defaults for PD1/pdf/m/n on input line 117.
LaTeX Font Info:    ... okay on input line 117.

(/usr/local/texlive/2015/texmf-dist/tex/context/base/supp-pdf.mkii
[Loading MPS to PDF converter (version 2006.09.02).]
\scratchcounter=\count162
\scratchdimen=\dimen163
\scratchbox=\box37
\nofMPsegments=\count163
\nofMParguments=\count164
\everyMPshowfont=\toks29
\MPscratchCnt=\count165
\MPscratchDim=\dimen164
\MPnumerator=\count166
\makeMPintoPDFobject=\count167
\everyMPtoPDFconversion=\toks30
) (/usr/local/texlive/2015/texmf-dist/tex/latex/oberdiek/epstopdf-base.sty
Package: epstopdf-base 2010/02/09 v2.5 Base part for package epstopdf

(/usr/local/texlive/2015/texmf-dist/tex/latex/oberdiek/grfext.sty
Package: grfext 2010/08/19 v1.1 Manage graphics extensions (HO)
)
Package grfext Info: Graphics extension search list:
(grfext)             [.png,.pdf,.jpg,.mps,.jpeg,.jbig2,.jb2,.PNG,.PDF,.JPG,.JPE
G,.JBIG2,.JB2,.eps]
(grfext)             \AppendGraphicsExtensions on input line 452.

(/usr/local/texlive/2015/texmf-dist/tex/latex/latexconfig/epstopdf-sys.cfg
File: epstopdf-sys.cfg 2010/07/13 v1.3 Configuration of (r)epstopdf for TeX Liv
e
))
\AtBeginShipoutBox=\box38
Package hyperref Info: Link coloring ON on input line 117.

(/usr/local/texlive/2015/texmf-dist/tex/latex/hyperref/nameref.sty
Package: nameref 2012/10/27 v2.43 Cross-referencing by name of section

(/usr/local/texlive/2015/texmf-dist/tex/generic/oberdiek/gettitlestring.sty
Package: gettitlestring 2010/12/03 v1.4 Cleanup title references (HO)
)
\c@section@level=\count168
)
LaTeX Info: Redefining \ref on input line 117.
LaTeX Info: Redefining \pageref on input line 117.
LaTeX Info: Redefining \nameref on input line 117.

(./thesis-done.out) (./thesis-done.out)
\@outlinefile=\write8
\openout8 = `thesis-done.out'.

Package caption Info: Begin \AtBeginDocument code.
Package caption Info: subfig package v1.3 is loaded.
Package caption Info: End \AtBeginDocument code.
LaTeX Font Info:    Try loading font information for U+rsfs on input line 121.

(/usr/local/texlive/2015/texmf-dist/tex/latex/jknapltx/ursfs.fd
File: ursfs.fd 1998/03/24 rsfs font definition file (jk)
)
<fig/crest_1.pdf, id=150, 1029.8475pt x 1225.57875pt>
File: fig/crest_1.pdf Graphic file (type pdf)
 <use fig/crest_1.pdf>
Package pdftex.def Info: fig/crest_1.pdf used on input line 133.
(pdftex.def)             Requested size: 1029.845pt x 1225.57578pt.

[1

{/usr/local/texlive/2015/texmf-var/fonts/map/pdftex/updmap/pdftex.map} <./fig/c
rest_1.pdf>] [2] (./thesis-done.toc [1])
\tf@toc=\write9
\openout9 = `thesis-done.toc'.

 [2] (./Introduction/introduction.tex
Chapter 1.

LaTeX Warning: `!h' float specifier changed to `!ht'.

Missing character: There is no € in font cmr12!
Missing character: There is no ‰ in font cmr12!
Missing character: There is no ‰ in font cmr12!
Missing character: There is no € in font cmr12!
Missing character: There is no ‰ in font cmr12!
Missing character: There is no € in font cmr12!
Missing character: There is no ‰ in font cmr12!

Underfull \vbox (badness 10000) has occurred while \output is active []

pdfTeX warning (ext4): destination with the same identifier (name{page.1}) has 
been already used, duplicate ignored
<to be read again> 
                   \relax 
l.43 
      [1


]
Overfull \hbox (10.78894pt too wide) in paragraph at lines 53--65
[][]
 []

<Introduction/figs/SM.png, id=239, 1018.80624pt x 767.86874pt>
File: Introduction/figs/SM.png Graphic file (type png)

<use Introduction/figs/SM.png>
Package pdftex.def Info: Introduction/figs/SM.png used on input line 81.
(pdftex.def)             Requested size: 341.43436pt x 257.33429pt.
pdfTeX warning (ext4): destination with the same identifier (name{page.2}) has 
been already used, duplicate ignored
<to be read again> 
                   \relax 
l.93 
      [2]
Underfull \vbox (badness 10000) has occurred while \output is active []

 [3 <./Introduction/figs/SM.png>] [4]
LaTeX Font Info:    Font shape `OMS/cmr/m/n' in size <12> not available
(Font)              Font shape `OMS/cmsy/m/n' tried instead on input line 153.
 [5]
<Introduction/figs/ch_currents_ckm.png, id=274, 812.03375pt x 406.51875pt>
File: Introduction/figs/ch_currents_ckm.png Graphic file (type png)

<use Introduction/figs/ch_currents_ckm.png>
Package pdftex.def Info: Introduction/figs/ch_currents_ckm.png used on input li
ne 198.
(pdftex.def)             Requested size: 256.0774pt x 128.19675pt.

Underfull \vbox (badness 10000) has occurred while \output is active []

 [6 <./Introduction/figs/ch_currents_ckm.png>]
<Introduction/figs/Unitarity_triangle.png, id=290, 1623.06375pt x 1198.4775pt>
File: Introduction/figs/Unitarity_triangle.png Graphic file (type png)

<use Introduction/figs/Unitarity_triangle.png>
Package pdftex.def Info: Introduction/figs/Unitarity_triangle.png used on input
 line 261.
(pdftex.def)             Requested size: 213.39566pt x 157.56311pt.

<Introduction/figs/Unitarity_triangle_HFAG.pdf, id=291, 569.12625pt x 570.13pt>
File: Introduction/figs/Unitarity_triangle_HFAG.pdf Graphic file (type pdf)
<use Introduction/figs/Unitarity_triangle_HFAG.pdf>
Package pdftex.def Info: Introduction/figs/Unitarity_triangle_HFAG.pdf used on 
input line 262.
(pdftex.def)             Requested size: 298.75262pt x 299.28793pt.

Underfull \vbox (badness 10000) has occurred while \output is active []

 [7]
Underfull \vbox (badness 10000) has occurred while \output is active []

 [8 <./Introduction/figs/Unitarity_triangle.png (PNG copy)> <./Introduction/fig
s/Unitarity_triangle_HFAG.pdf>] [9]
<Introduction/figs/neutral_current_proc.png, id=343, 705.63625pt x 371.3875pt>
File: Introduction/figs/neutral_current_proc.png Graphic file (type png)

<use Introduction/figs/neutral_current_proc.png>
Package pdftex.def Info: Introduction/figs/neutral_current_proc.png used on inp
ut line 330.
(pdftex.def)             Requested size: 256.0774pt x 134.77611pt.
 [10 <./Introduction/figs/neutral_current_proc.png>] [11]
Underfull \vbox (badness 10000) has occurred while \output is active []

 [12]
<Introduction/figs/penguin_general.png, id=374, 729.72626pt x 225.84375pt>
File: Introduction/figs/penguin_general.png Graphic file (type png)

<use Introduction/figs/penguin_general.png>
Package pdftex.def Info: Introduction/figs/penguin_general.png used on input li
ne 418.
(pdftex.def)             Requested size: 341.43436pt x 105.671pt.
 [13 <./Introduction/figs/penguin_general.png (PNG copy)>]
<Introduction/figs/fermi_theory.png, id=382, 643.40375pt x 212.795pt>
File: Introduction/figs/fermi_theory.png Graphic file (type png)

<use Introduction/figs/fermi_theory.png>
Package pdftex.def Info: Introduction/figs/fermi_theory.png used on input line 
446.
(pdftex.def)             Requested size: 341.43436pt x 112.92691pt.
 [14 <./Introduction/figs/fermi_theory.png>]
Underfull \vbox (badness 10000) has occurred while \output is active []

 [15]
<Introduction/figs/vtx_operators.png, id=409, 832.10875pt x 355.3275pt>
File: Introduction/figs/vtx_operators.png Graphic file (type png)

<use Introduction/figs/vtx_operators.png>
Package pdftex.def Info: Introduction/figs/vtx_operators.png used on input line
 559.
(pdftex.def)             Requested size: 256.0774pt x 109.34795pt.

Underfull \vbox (badness 2644) has occurred while \output is active []

 [16]

Package hyperref Warning: Token not allowed in a PDF string (PDFDocEncoding):
(hyperref)                removing `math shift' on input line 593.


Package hyperref Warning: Token not allowed in a PDF string (PDFDocEncoding):
(hyperref)                removing `\rightarrow' on input line 593.


Package hyperref Warning: Token not allowed in a PDF string (PDFDocEncoding):
(hyperref)                removing `\ell' on input line 593.


Package hyperref Warning: Token not allowed in a PDF string (PDFDocEncoding):
(hyperref)                removing `superscript' on input line 593.


Package hyperref Warning: Token not allowed in a PDF string (PDFDocEncoding):
(hyperref)                removing `\ell' on input line 593.


Package hyperref Warning: Token not allowed in a PDF string (PDFDocEncoding):
(hyperref)                removing `superscript' on input line 593.


Package hyperref Warning: Token not allowed in a PDF string (PDFDocEncoding):
(hyperref)                removing `math shift' on input line 593.


Overfull \hbox (15.53703pt too wide) in paragraph at lines 612--618
[][]
 []

<Introduction/figs/q2spectrum.pdf, id=420, 569.12625pt x 385.44pt>
File: Introduction/figs/q2spectrum.pdf Graphic file (type pdf)

<use Introduction/figs/q2spectrum.pdf>
Package pdftex.def Info: Introduction/figs/q2spectrum.pdf used on input line 63
1.
(pdftex.def)             Requested size: 341.43436pt x 231.24814pt.

Underfull \vbox (badness 10000) has occurred while \output is active []

 [17 <./Introduction/figs/vtx_operators.png>]

LaTeX Warning: `!h' float specifier changed to `!ht'.

[18]

Package hyperref Warning: Token not allowed in a PDF string (PDFDocEncoding):
(hyperref)                removing `math shift' on input line 651.


Package hyperref Warning: Token not allowed in a PDF string (PDFDocEncoding):
(hyperref)                removing `\rightarrow' on input line 651.


Package hyperref Warning: Token not allowed in a PDF string (PDFDocEncoding):
(hyperref)                removing `\ell' on input line 651.


Package hyperref Warning: Token not allowed in a PDF string (PDFDocEncoding):
(hyperref)                removing `superscript' on input line 651.


Package hyperref Warning: Token not allowed in a PDF string (PDFDocEncoding):
(hyperref)                removing `\ell' on input line 651.


Package hyperref Warning: Token not allowed in a PDF string (PDFDocEncoding):
(hyperref)                removing `superscript' on input line 651.


Package hyperref Warning: Token not allowed in a PDF string (PDFDocEncoding):
(hyperref)                removing `math shift' on input line 651.


LaTeX Warning: Reference `sec:RKst_theory' on page 19 undefined on input line 6
68.

[19 <./Introduction/figs/q2spectrum.pdf, page is rotated 90 degrees>]
Underfull \vbox (badness 2735) has occurred while \output is active []

 [20]
<Introduction/figs/CMSLHCb_EDfig2.pdf, id=504, 569.12625pt x 337.26pt>
File: Introduction/figs/CMSLHCb_EDfig2.pdf Graphic file (type pdf)

<use Introduction/figs/CMSLHCb_EDfig2.pdf>
Package pdftex.def Info: Introduction/figs/CMSLHCb_EDfig2.pdf used on input lin
e 721.
(pdftex.def)             Requested size: 256.0774pt x 151.7553pt.

Underfull \vbox (badness 10000) has occurred while \output is active []

 [21 <./Introduction/figs/CMSLHCb_EDfig2.pdf, page is rotated 90 degrees>]

Package hyperref Warning: Token not allowed in a PDF string (PDFDocEncoding):
(hyperref)                removing `math shift' on input line 728.


Package hyperref Warning: Token not allowed in a PDF string (PDFDocEncoding):
(hyperref)                removing `\rightarrow' on input line 728.


Package hyperref Warning: Token not allowed in a PDF string (PDFDocEncoding):
(hyperref)                removing `\ell' on input line 728.


Package hyperref Warning: Token not allowed in a PDF string (PDFDocEncoding):
(hyperref)                removing `superscript' on input line 728.


Package hyperref Warning: Token not allowed in a PDF string (PDFDocEncoding):
(hyperref)                removing `\ell' on input line 728.


Package hyperref Warning: Token not allowed in a PDF string (PDFDocEncoding):
(hyperref)                removing `superscript' on input line 728.


Package hyperref Warning: Token not allowed in a PDF string (PDFDocEncoding):
(hyperref)                removing `math shift' on input line 728.

<Introduction/figs/P5prime.pdf, id=570, 569.12625pt x 385.44pt>
File: Introduction/figs/P5prime.pdf Graphic file (type pdf)

<use Introduction/figs/P5prime.pdf>
Package pdftex.def Info: Introduction/figs/P5prime.pdf used on input line 754.
(pdftex.def)             Requested size: 256.0774pt x 173.43463pt.

Overfull \hbox (22.88344pt too wide) in paragraph at lines 773--780
[][]
 []


Underfull \hbox (badness 10000) in paragraph at lines 773--780

 []

[22 <./Introduction/figs/P5prime.pdf, page is rotated 90 degrees>]
Underfull \vbox (badness 1210) has occurred while \output is active []

 [23]
<Introduction/figs/LFV.pdf, id=645, 933.4875pt x 694.595pt>
File: Introduction/figs/LFV.pdf Graphic file (type pdf)

<use Introduction/figs/LFV.pdf>
Package pdftex.def Info: Introduction/figs/LFV.pdf used on input line 814.
(pdftex.def)             Requested size: 341.43436pt x 254.0603pt.
) (./Detector/detector.tex [24 <./Introduction/figs/LFV.pdf>]
Chapter 2.
<Detector/figs/LHC_scheme.png, id=667, 890.32625pt x 593.21625pt>
File: Detector/figs/LHC_scheme.png Graphic file (type png)

<use Detector/figs/LHC_scheme.png>
Package pdftex.def Info: Detector/figs/LHC_scheme.png used on input line 15.
(pdftex.def)             Requested size: 426.79134pt x 284.36945pt.


LaTeX Warning: `!h' float specifier changed to `!ht'.


Underfull \vbox (badness 10000) has occurred while \output is active []

 [25

]
[26 <./Detector/figs/LHC_scheme.png (PNG copy)>]
<Detector/figs/LHCb_official.png, id=683, 1125.20375pt x 789.95125pt>
File: Detector/figs/LHCb_official.png Graphic file (type png)

<use Detector/figs/LHCb_official.png>
Package pdftex.def Info: Detector/figs/LHCb_official.png used on input line 60.

(pdftex.def)             Requested size: 426.79134pt x 299.63011pt.


LaTeX Warning: `h' float specifier changed to `ht'.

[27]
Underfull \vbox (badness 2384) has occurred while \output is active []

 [28 <./Detector/figs/LHCb_official.png>] [29]
<Detector/figs/detector/VELO.png, id=710, 563.10374pt x 382.42876pt>
File: Detector/figs/detector/VELO.png Graphic file (type png)

<use Detector/figs/detector/VELO.png>
Package pdftex.def Info: Detector/figs/detector/VELO.png used on input line 122
.
(pdftex.def)             Requested size: 209.1301pt x 142.02744pt.

<Detector/figs/detector/VELO_scheme.png, id=711, 271.0125pt x 209.28188pt>
File: Detector/figs/detector/VELO_scheme.png Graphic file (type png)

<use Detector/figs/detector/VELO_scheme.png>
Package pdftex.def Info: Detector/figs/detector/VELO_scheme.png used on input l
ine 123.
(pdftex.def)             Requested size: 209.1301pt x 161.4988pt.
 [30 <./Detector/figs/detector/VELO.png> <./Detector/figs/detector/VELO_scheme.
png>]
<Detector/figs/straw_tubes.png, id=721, 741.77126pt x 599.23875pt>
File: Detector/figs/straw_tubes.png Graphic file (type png)

<use Detector/figs/straw_tubes.png>
Package pdftex.def Info: Detector/figs/straw_tubes.png used on input line 145.
(pdftex.def)             Requested size: 341.43436pt x 275.8269pt.
 [31 <./Detector/figs/straw_tubes.png>]
Underfull \vbox (badness 1127) has occurred while \output is active []

 [32]
<Detector/figs/pi0_e_pid_perf.png, id=738, 626.34pt x 604.2575pt>
File: Detector/figs/pi0_e_pid_perf.png Graphic file (type png)

<use Detector/figs/pi0_e_pid_perf.png>
Package pdftex.def Info: Detector/figs/pi0_e_pid_perf.png used on input line 19
7.
(pdftex.def)             Requested size: 170.7101pt x 150.79662pt.

<Detector/figs/calo_layout.png, id=739, 817.0525pt x 474.77374pt>
File: Detector/figs/calo_layout.png Graphic file (type png)

<use Detector/figs/calo_layout.png>
Package pdftex.def Info: Detector/figs/calo_layout.png used on input line 198.
(pdftex.def)             Requested size: 251.80531pt x 146.31624pt.

<RKst/figs/brem_recovery.png, id=741, 693.792pt x 452.10768pt>
File: RKst/figs/brem_recovery.png Graphic file (type png)

<use RKst/figs/brem_recovery.png>
Package pdftex.def Info: RKst/figs/brem_recovery.png used on input line 230.
(pdftex.def)             Requested size: 234.73653pt x 152.96262pt.

Underfull \vbox (badness 10000) has occurred while \output is active []

 [33 <./Detector/figs/pi0_e_pid_perf.png> <./Detector/figs/calo_layout.png>]
Underfull \vbox (badness 10000) has occurred while \output is active []

 [34 <./RKst/figs/brem_recovery.png>]
<Detector/figs/detector/Cherenkov.png, id=760, 303.534pt x 280.94963pt>
File: Detector/figs/detector/Cherenkov.png Graphic file (type png)

<use Detector/figs/detector/Cherenkov.png>
Package pdftex.def Info: Detector/figs/detector/Cherenkov.png used on input lin
e 262.
(pdftex.def)             Requested size: 192.05183pt x 156.49477pt.

<Detector/figs/changle_vs_momentum.png, id=761, 927.465pt x 653.44125pt>
File: Detector/figs/changle_vs_momentum.png Graphic file (type png)

<use Detector/figs/changle_vs_momentum.png>
Package pdftex.def Info: Detector/figs/changle_vs_momentum.png used on input li
ne 263.
(pdftex.def)             Requested size: 192.05621pt x 156.4901pt.
 [35 <./Detector/figs/detector/Cherenkov.png> <./Detector/figs/changle_vs_momen
tum.png>]
<Detector/figs/muon.png, id=770, 1114.1625pt x 620.3175pt>
File: Detector/figs/muon.png Graphic file (type png)

<use Detector/figs/muon.png>
Package pdftex.def Info: Detector/figs/muon.png used on input line 310.
(pdftex.def)             Requested size: 426.79134pt x 237.61615pt.
 [36] [37 <./Detector/figs/muon.png>]
<Detector/figs/kaon_pid_perf.png, id=785, 1006.76125pt x 683.55376pt>
File: Detector/figs/kaon_pid_perf.png Graphic file (type png)

<use Detector/figs/kaon_pid_perf.png>
Package pdftex.def Info: Detector/figs/kaon_pid_perf.png used on input line 350
.
(pdftex.def)             Requested size: 209.1301pt x 141.986pt.

<Detector/figs/proton_pid_perf.png, id=786, 981.6675pt x 679.53876pt>
File: Detector/figs/proton_pid_perf.png Graphic file (type png)

<use Detector/figs/proton_pid_perf.png>
Package pdftex.def Info: Detector/figs/proton_pid_perf.png used on input line 3
51.
(pdftex.def)             Requested size: 209.1301pt x 144.76039pt.

<Detector/figs/pid_peaks.png, id=787, 1185.42876pt x 413.545pt>
File: Detector/figs/pid_peaks.png Graphic file (type png)

<use Detector/figs/pid_peaks.png>
Package pdftex.def Info: Detector/figs/pid_peaks.png used on input line 357.
(pdftex.def)             Requested size: 426.7902pt x 156.49246pt.


LaTeX Warning: `!h' float specifier changed to `!ht'.


Underfull \vbox (badness 1024) has occurred while \output is active []

 [38 <./Detector/figs/kaon_pid_perf.png> <./Detector/figs/proton_pid_perf.png>]

<Detector/figs/triggerscheme.png, id=802, 417.7206pt x 264.5082pt>
File: Detector/figs/triggerscheme.png Graphic file (type png)

<use Detector/figs/triggerscheme.png>
Package pdftex.def Info: Detector/figs/triggerscheme.png used on input line 404
.
(pdftex.def)             Requested size: 384.10959pt x 243.22536pt.
 [39 <./Detector/figs/pid_peaks.png>]
[40 <./Detector/figs/triggerscheme.png>]
<Detector/figs/DTF_performance.pdf, id=832, 569.12625pt x 387.4475pt>
File: Detector/figs/DTF_performance.pdf Graphic file (type pdf)

<use Detector/figs/DTF_performance.pdf>
Package pdftex.def Info: Detector/figs/DTF_performance.pdf used on input line 4
54.
(pdftex.def)             Requested size: 298.75262pt x 203.38933pt.

Underfull \vbox (badness 1127) has occurred while \output is active []

 [41]
[42 <./Detector/figs/DTF_performance.pdf, page is rotated 90 degrees>]
Overfull \hbox (4.45425pt too wide) in paragraph at lines 489--495
[]\OT1/cmr/m/n/12 FTFP model, which im-ple-ments high en-ergy in-elas-tic scat-
ter-ing of hadrons
 []

<detector/figs/validation/models.png, id=901, 1158.3275pt x 383.4325pt>
File: detector/figs/validation/models.png Graphic file (type png)

<use detector/figs/validation/models.png>
Package pdftex.def Info: detector/figs/validation/models.png used on input line
 503.
(pdftex.def)             Requested size: 384.10959pt x 127.14743pt.
 [43] [44 <./detector/figs/validation/models.png>]
Underfull \vbox (badness 10000) has occurred while \output is active []

 [45]
<Detector/figs/validation/General/pCompData_10mm.pdf, id=934, 569.12625pt x 385
.44pt>
File: Detector/figs/validation/General/pCompData_10mm.pdf Graphic file (type pd
f)
 <use Detector/figs/validation/General/pCompData_10mm.pdf>
Package pdftex.def Info: Detector/figs/validation/General/pCompData_10mm.pdf us
ed on input line 636.
(pdftex.def)             Requested size: 341.43436pt x 231.24814pt.


LaTeX Warning: `h' float specifier changed to `ht'.

<Detector/figs/validation/ProtonsRatio_2.pdf, id=935, 569.12625pt x 385.44pt>
File: Detector/figs/validation/ProtonsRatio_2.pdf Graphic file (type pdf)

<use Detector/figs/validation/ProtonsRatio_2.pdf>
Package pdftex.def Info: Detector/figs/validation/ProtonsRatio_2.pdf used on in
put line 643.
(pdftex.def)             Requested size: 341.43436pt x 231.24814pt.


LaTeX Warning: `!h' float specifier changed to `!ht'.


<Detector/figs/validation/perc_pbarcomp.pdf, id=936, 569.12625pt x 387.4475pt>
File: Detector/figs/validation/perc_pbarcomp.pdf Graphic file (type pdf)

<use Detector/figs/validation/perc_pbarcomp.pdf>
Package pdftex.def Info: Detector/figs/validation/perc_pbarcomp.pdf used on inp
ut line 649.
(pdftex.def)             Requested size: 384.10959pt x 261.50395pt.

<Detector/figs/validation/perc_pcomp.pdf, id=937, 569.12625pt x 387.4475pt>
File: Detector/figs/validation/perc_pcomp.pdf Graphic file (type pdf)

<use Detector/figs/validation/perc_pcomp.pdf>
Package pdftex.def Info: Detector/figs/validation/perc_pcomp.pdf used on input 
line 650.
(pdftex.def)             Requested size: 384.10959pt x 261.50395pt.


LaTeX Warning: `!h' float specifier changed to `!ht'.

[46] [47 <./Detector/figs/validation/General/pCompData_10mm.pdf, page is rotate
d 90 degrees> <./Detector/figs/validation/ProtonsRatio_2.pdf, page is rotated 9
0 degrees>] [48 <./Detector/figs/validation/perc_pbarcomp.pdf, page is rotated 
90 degrees> <./Detector/figs/validation/perc_pcomp.pdf, page is rotated 90 degr
ees>]
<Detector/figs/validation/radlenght/radlgh_prof_ID1.pdf, id=1129, 569.12625pt x
 387.4475pt>
File: Detector/figs/validation/radlenght/radlgh_prof_ID1.pdf Graphic file (type
 pdf)
 <use Detector/figs/validation/radlenght/radlgh_prof_ID1.pdf>
Package pdftex.def Info: Detector/figs/validation/radlenght/radlgh_prof_ID1.pdf
 used on input line 674.
(pdftex.def)             Requested size: 341.43436pt x 232.45255pt.

<Detector/figs/validation/radlenght/cuminterLength_vs_Z.pdf, id=1130, 569.12625
pt x 387.4475pt>
File: Detector/figs/validation/radlenght/cuminterLength_vs_Z.pdf Graphic file (
type pdf)

<use Detector/figs/validation/radlenght/cuminterLength_vs_Z.pdf>
Package pdftex.def Info: Detector/figs/validation/radlenght/cuminterLength_vs_Z
.pdf used on input line 681.
(pdftex.def)             Requested size: 341.43436pt x 232.45255pt.


LaTeX Warning: `!h' float specifier changed to `!ht'.

) [49

 <./Detector/figs/validation/radlenght/radlgh_prof_ID1.pdf, page is rotated 90 
degrees>] [50 <./Detector/figs/validation/radlenght/cuminterLength_vs_Z.pdf, pa
ge is rotated 90 degrees>] (./thesis-done.bbl [51


] [52] [53] [54] [55])
[56] (./app_extra.texpdfTeX warning (ext4): destination with the same identifie
r (name{chapter.1}) has been already used, duplicate ignored
<to be read again> 
                   \relax 
l.1 \chapter{Extra}
                   
Appendix A.

Package hyperref Warning: Difference (2) between bookmark levels is greater 
(hyperref)                than one, level fixed on input line 3.


Underfull \vbox (badness 10000) has occurred while \output is active []

 [57


]pdfTeX warning (ext4): destination with the same identifier (name{section.1.1}
) has been already used, duplicate ignored
<to be read again> 
                   \relax 
l.46 \section{Anomalies}
                        

LaTeX Warning: Citation `' on page 58 undefined on input line 58.

[58]) [59]
Package atveryend Info: Empty hook `BeforeClearDocument' on input line 262.
Package atveryend Info: Empty hook `AfterLastShipout' on input line 262.
 (./thesis-done.aux)
Package atveryend Info: Executing hook `AtVeryEndDocument' on input line 262.
Package atveryend Info: Executing hook `AtEndAfterFileList' on input line 262.
Package rerunfilecheck Info: File `thesis-done.out' has not changed.
(rerunfilecheck)             Checksum: 4323DF10599BEB28764503199E226571;2743.


LaTeX Warning: There were undefined references.

Package atveryend Info: Empty hook `AtVeryVeryEnd' on input line 262.
 ) 
Here is how much of TeX's memory you used:
 11533 strings out of 493089
 166686 string characters out of 6134842
 274899 words of memory out of 5000000
 14517 multiletter control sequences out of 15000+600000
 29544 words of font info for 115 fonts, out of 8000000 for 9000
 1141 hyphenation exceptions out of 8191
 44i,13n,43p,713b,518s stack positions out of 5000i,500n,10000p,200000b,80000s
pdfTeX warning (dest): name{Hfootnote.1} has been referenced but does not exi
st, replaced by a fixed one

</usr/local/texlive/2015/texmf-dist/fonts/type1/public/amsfonts/cm/cmbx12.pfb><
/usr/local/texlive/2015/texmf-dist/fonts/type1/public/amsfonts/cm/cmcsc10.pfb><
/usr/local/texlive/2015/texmf-dist/fonts/type1/public/amsfonts/cm/cmex10.pfb></
usr/local/texlive/2015/texmf-dist/fonts/type1/public/amsfonts/cm/cmmi10.pfb></u
sr/local/texlive/2015/texmf-dist/fonts/type1/public/amsfonts/cm/cmmi12.pfb></us
r/local/texlive/2015/texmf-dist/fonts/type1/public/amsfonts/cm/cmmi6.pfb></usr/
local/texlive/2015/texmf-dist/fonts/type1/public/amsfonts/cm/cmmi7.pfb></usr/lo
cal/texlive/2015/texmf-dist/fonts/type1/public/amsfonts/cm/cmmi8.pfb></usr/loca
l/texlive/2015/texmf-dist/fonts/type1/public/amsfonts/cm/cmr10.pfb></usr/local/
texlive/2015/texmf-dist/fonts/type1/public/amsfonts/cm/cmr12.pfb></usr/local/te
xlive/2015/texmf-dist/fonts/type1/public/amsfonts/cm/cmr17.pfb></usr/local/texl
ive/2015/texmf-dist/fonts/type1/public/amsfonts/cm/cmr5.pfb></usr/local/texlive
/2015/texmf-dist/fonts/type1/public/amsfonts/cm/cmr6.pfb></usr/local/texlive/20
15/texmf-dist/fonts/type1/public/amsfonts/cm/cmr7.pfb></usr/local/texlive/2015/
texmf-dist/fonts/type1/public/amsfonts/cm/cmr8.pfb></usr/local/texlive/2015/tex
mf-dist/fonts/type1/public/amsfonts/cm/cmss10.pfb></usr/local/texlive/2015/texm
f-dist/fonts/type1/public/amsfonts/cm/cmss12.pfb></usr/local/texlive/2015/texmf
-dist/fonts/type1/public/amsfonts/cm/cmss17.pfb></usr/local/texlive/2015/texmf-
dist/fonts/type1/public/amsfonts/cm/cmss8.pfb></usr/local/texlive/2015/texmf-di
st/fonts/type1/public/amsfonts/cm/cmssbx10.pfb></usr/local/texlive/2015/texmf-d
ist/fonts/type1/public/amsfonts/cm/cmssi12.pfb></usr/local/texlive/2015/texmf-d
ist/fonts/type1/public/amsfonts/cm/cmsy10.pfb></usr/local/texlive/2015/texmf-di
st/fonts/type1/public/amsfonts/cm/cmsy5.pfb></usr/local/texlive/2015/texmf-dist
/fonts/type1/public/amsfonts/cm/cmsy7.pfb></usr/local/texlive/2015/texmf-dist/f
onts/type1/public/amsfonts/cm/cmsy8.pfb></usr/local/texlive/2015/texmf-dist/fon
ts/type1/public/amsfonts/cm/cmti12.pfb></usr/local/texlive/2015/texmf-dist/font
s/type1/public/amsfonts/cm/cmtt12.pfb></usr/local/texlive/2015/texmf-dist/fonts
/type1/public/amsfonts/symbols/msbm10.pfb></usr/local/texlive/2015/texmf-dist/f
onts/type1/public/amsfonts/symbols/msbm7.pfb>
Output written on thesis-done.pdf (63 pages, 4540143 bytes).
PDF statistics:
 1480 PDF objects out of 1728 (max. 8388607)
 1055 compressed objects within 11 object streams
 238 named destinations out of 1000 (max. 500000)
 483 words of extra memory for PDF output out of 10000 (max. 10000000)

