\BOOKMARK [0][-]{chapter.1}{Introduction}{}% 1
\BOOKMARK [1][-]{section.1.1}{The electroweak interaction}{chapter.1}% 2
\BOOKMARK [1][-]{section.1.2}{Flavour and the CKM matrix}{chapter.1}% 3
\BOOKMARK [1][-]{section.1.3}{The puzzles of the SM}{chapter.1}% 4
\BOOKMARK [2][-]{subsection.1.3.1}{The flavour problem}{section.1.3}% 5
\BOOKMARK [1][-]{section.1.4}{Beyond the Standard Model}{chapter.1}% 6
\BOOKMARK [2][-]{subsection.1.4.1}{Flavour and BSM theories}{section.1.4}% 7
\BOOKMARK [1][-]{section.1.5}{Rare decays: a tool to search for new physics}{chapter.1}% 8
\BOOKMARK [2][-]{subsection.1.5.1}{Theoretical framework: the effective Hamiltonian}{section.1.5}% 9
\BOOKMARK [2][-]{subsection.1.5.2}{Operators}{section.1.5}% 10
\BOOKMARK [2][-]{subsection.1.5.3}{Phenomenology of b \040 s \040+- decays}{section.1.5}% 11
\BOOKMARK [2][-]{subsection.1.5.4}{Observables in b \040 s \040+- decays}{section.1.5}% 12
\BOOKMARK [1][-]{section.1.6}{Experimental status}{chapter.1}% 13
\BOOKMARK [2][-]{subsection.1.6.1}{Dimuon decays of b \040hadrons}{section.1.6}% 14
\BOOKMARK [2][-]{subsection.1.6.2}{Semileptonic b \040 s \040+- decays of b \040hadrons}{section.1.6}% 15
\BOOKMARK [2][-]{subsection.1.6.3}{Lepton Flavour Violation searches}{section.1.6}% 16
\BOOKMARK [0][-]{chapter.2}{The LHCb detector at the Large Hadron Collider}{}% 17
\BOOKMARK [1][-]{section.2.1}{The Large Hadron Collider}{chapter.2}% 18
\BOOKMARK [1][-]{section.2.2}{The LHCb detector}{chapter.2}% 19
\BOOKMARK [1][-]{section.2.3}{The magnet}{chapter.2}% 20
\BOOKMARK [1][-]{section.2.4}{Tracking system}{chapter.2}% 21
\BOOKMARK [1][-]{section.2.5}{Calorimeters}{chapter.2}% 22
\BOOKMARK [2][-]{subsection.2.5.1}{Bremsstrahlung recovery for electrons}{section.2.5}% 23
\BOOKMARK [1][-]{section.2.6}{RICH}{chapter.2}% 24
\BOOKMARK [1][-]{section.2.7}{The muon system}{chapter.2}% 25
\BOOKMARK [1][-]{section.2.8}{Particle identification}{chapter.2}% 26
\BOOKMARK [2][-]{subsection.2.8.1}{PID calibration}{section.2.8}% 27
\BOOKMARK [1][-]{section.2.9}{Trigger and software}{chapter.2}% 28
\BOOKMARK [1][-]{section.2.10}{Kinematical fits}{chapter.2}% 29
\BOOKMARK [1][-]{section.2.11}{Validation of hadronic processes in the simulation}{chapter.2}% 30
\BOOKMARK [2][-]{subsection.2.11.1}{Geometry and interaction probability}{section.2.11}% 31
\BOOKMARK [2][-]{subsection.2.11.2}{PDG prediction}{section.2.11}% 32
\BOOKMARK [2][-]{subsection.2.11.3}{Validation results}{section.2.11}% 33
\BOOKMARK [1][-]{section.2.12}{Material budget studies}{chapter.2}% 34
\BOOKMARK [0][-]{chapter.1}{Extra}{}% 35
\BOOKMARK [1][-]{subsection.1.0.1}{Quantum Electrodynamics: an example of gauge field theory }{chapter.1}% 36
\BOOKMARK [1][-]{section.1.1}{Anomalies}{chapter.1}% 37
