\BOOKMARK [0][-]{chapter.1}{INTRODUCTION}{}
\BOOKMARK [1][-]{section.1.1}{Electromagnetic and weak interactions}{chapter.1}
\BOOKMARK [2][-]{subsection.1.1.1}{Flavour and the CKM matrix}{section.1.1}
\BOOKMARK [1][-]{section.1.2}{The puzzles in the SM}{chapter.1}
\BOOKMARK [2][-]{subsection.1.2.1}{The flavour problem}{section.1.2}
\BOOKMARK [1][-]{section.1.3}{Beyond the Standard Model}{chapter.1}
\BOOKMARK [1][-]{section.1.4}{Flavour and BSM theories}{chapter.1}
\BOOKMARK [1][-]{section.1.5}{Rare decays: a tool to search for new physics}{chapter.1}
\BOOKMARK [2][-]{subsection.1.5.1}{Theoretical framework: the effective Hamiltonian}{section.1.5}
\BOOKMARK [2][-]{subsection.1.5.2}{Perturbative corrections}{section.1.5}
\BOOKMARK [2][-]{subsection.1.5.3}{Phenomenology of b \040 s \040decays}{section.1.5}
\BOOKMARK [2][-]{subsection.1.5.4}{Observables in b \040 s \040decays}{section.1.5}
\BOOKMARK [1][-]{section.1.6}{Experimental status}{chapter.1}
\BOOKMARK [2][-]{subsection.1.6.1}{Dimuon decays of b \040hadrons}{section.1.6}
\BOOKMARK [2][-]{subsection.1.6.2}{Semileptonic b \040 s \040decays of b \040hadrons}{section.1.6}
\BOOKMARK [2][-]{subsection.1.6.3}{Lepton Flavour Violation searches}{section.1.6}
\BOOKMARK [0][-]{chapter.2}{The LHCb detector at the Large Hadron Collider}{}
\BOOKMARK [1][-]{section.2.1}{The Large Hadron Collider}{chapter.2}
\BOOKMARK [1][-]{section.2.2}{The LHCb detector}{chapter.2}
\BOOKMARK [2][-]{subsection.2.2.1}{Tracking system}{section.2.2}
\BOOKMARK [2][-]{subsection.2.2.2}{Particle identification}{section.2.2}
\BOOKMARK [3][-]{subsubsection.2.2.2.1}{Calorimeters}{subsection.2.2.2}
\BOOKMARK [3][-]{subsubsection.2.2.2.2}{RICH}{subsection.2.2.2}
\BOOKMARK [2][-]{subsection.2.2.3}{The muon system}{section.2.2}
\BOOKMARK [2][-]{subsection.2.2.4}{Trigger and software}{section.2.2}
\BOOKMARK [-1][-]{part.1}{I Branching fraction and angular analysis of the rare \0400b \040 \040 \040+- decay}{}
\BOOKMARK [0][-]{chapter.3}{Introduction}{part.1}
\BOOKMARK [1][-]{section.3.1}{Analysis strategy and q2 regions}{chapter.3}
\BOOKMARK [1][-]{section.3.2}{Candidate types}{chapter.3}
\BOOKMARK [0][-]{chapter.4}{Selection}{part.1}
\BOOKMARK [1][-]{section.4.1}{Neural Networks}{chapter.4}
\BOOKMARK [1][-]{section.4.2}{MVA optimization}{chapter.4}
\BOOKMARK [1][-]{section.4.3}{Trigger}{chapter.4}
\BOOKMARK [1][-]{section.4.4}{Background from specific decays}{chapter.4}
\BOOKMARK [0][-]{chapter.5}{Yield extraction}{part.1}
\BOOKMARK [1][-]{section.5.1}{Fit description}{chapter.5}
\BOOKMARK [1][-]{section.5.2}{Fit results}{chapter.5}
\BOOKMARK [1][-]{section.5.3}{Efficiency}{chapter.5}
\BOOKMARK [2][-]{subsection.5.3.1}{Decay Model}{section.5.3}
\BOOKMARK [3][-]{subsubsection.5.3.1.1}{Effect of new physics on the decay model}{subsection.5.3.1}
\BOOKMARK [2][-]{subsection.5.3.2}{Kinematic re-weighting}{section.5.3}
\BOOKMARK [2][-]{subsection.5.3.3}{Event type}{section.5.3}
\BOOKMARK [2][-]{subsection.5.3.4}{Geometric acceptance}{section.5.3}
\BOOKMARK [2][-]{subsection.5.3.5}{Reconstruction and stripping efficiency}{section.5.3}
\BOOKMARK [2][-]{subsection.5.3.6}{Neural Networks efficiency}{section.5.3}
\BOOKMARK [2][-]{subsection.5.3.7}{Trigger efficiency}{section.5.3}
\BOOKMARK [2][-]{subsection.5.3.8}{PID efficiency}{section.5.3}
\BOOKMARK [2][-]{subsection.5.3.9}{Relative efficiency}{section.5.3}
\BOOKMARK [0][-]{chapter.6}{Systematic uncertainties}{part.1}
\BOOKMARK [1][-]{section.6.1}{Yields}{chapter.6}
\BOOKMARK [1][-]{section.6.2}{Efficiencies}{chapter.6}
\BOOKMARK [2][-]{subsection.6.2.1}{Simulation statistics}{section.6.2}
\BOOKMARK [2][-]{subsection.6.2.2}{Production polarisation and decay structure}{section.6.2}
\BOOKMARK [2][-]{subsection.6.2.3}{ 0b \040 lifetime}{section.6.2}
\BOOKMARK [2][-]{subsection.6.2.4}{ detection efficiency}{section.6.2}
\BOOKMARK [2][-]{subsection.6.2.5}{Data-MC discrepancies}{section.6.2}
\BOOKMARK [0][-]{chapter.7}{Summary and results}{part.1}
\BOOKMARK [0][-]{chapter.8}{Angular analysis}{part.1}
\BOOKMARK [1][-]{section.8.1}{Extraction of forward-backward asymmetry}{chapter.8}
\BOOKMARK [2][-]{subsection.8.1.1}{Angular acceptance}{section.8.1}
\BOOKMARK [2][-]{subsection.8.1.2}{Background parameterisation}{section.8.1}
\BOOKMARK [2][-]{subsection.8.1.3}{Toy studies on a 3-dimensional fit}{section.8.1}
\BOOKMARK [0][-]{chapter.9}{Systematics uncertainties on angular observables}{part.1}
\BOOKMARK [1][-]{subsection.9.0.4}{Non-flat angular efficiency}{chapter.9}
\BOOKMARK [2][-]{subsection.9.0.5}{Resolution}{subsection.9.0.4}
\BOOKMARK [2][-]{subsection.9.0.6}{Angular efficiency}{subsection.9.0.4}
\BOOKMARK [2][-]{subsection.9.0.7}{Background parameterisation}{subsection.9.0.4}
\BOOKMARK [2][-]{subsection.9.0.8}{Polarisation}{subsection.9.0.4}
\BOOKMARK [0][-]{chapter.10}{Angular analysis summary and results}{part.1}
\BOOKMARK [1][-]{section.10.1}{Feldman-cousins plug-in method}{chapter.10}
\BOOKMARK [1][-]{section.10.2}{J/ cross-check}{chapter.10}
\BOOKMARK [1][-]{section.10.3}{Results}{chapter.10}
\BOOKMARK [-1][-]{part.2}{II The RK \040* analysis}{}
\BOOKMARK [0][-]{chapter.11}{Towards new physics: RH}{part.2}
\BOOKMARK [1][-]{subsection.11.0.1}{Experimental status}{chapter.11}
\BOOKMARK [1][-]{section.11.1}{The RK \040* analysis}{chapter.11}
\BOOKMARK [0][-]{chapter.12}{Selection}{part.2}
\BOOKMARK [1][-]{section.12.1}{Choice of q2 intervals and signal windows}{chapter.12}
\BOOKMARK [1][-]{section.12.2}{Trigger and Stripping }{chapter.12}
\BOOKMARK [1][-]{section.12.3}{PID}{chapter.12}
\BOOKMARK [1][-]{section.12.4}{Breamsstrahlung recovery for electrons}{chapter.12}
\BOOKMARK [1][-]{section.12.5}{Peaking backgrounds }{chapter.12}
\BOOKMARK [2][-]{subsection.12.5.1}{Charmonium vetoes}{section.12.5}
\BOOKMARK [2][-]{subsection.12.5.2}{Cascade b c, c \040decays}{section.12.5}
\BOOKMARK [2][-]{subsection.12.5.3}{ veto}{section.12.5}
\BOOKMARK [2][-]{subsection.12.5.4}{B \040+ \040K+ +- plus a random pion}{section.12.5}
\BOOKMARK [2][-]{subsection.12.5.5}{b decays}{section.12.5}
\BOOKMARK [3][-]{subsubsection.12.5.5.1}{Other peaking backgrounds}{subsection.12.5.5}
\BOOKMARK [1][-]{section.12.6}{Multivariate analysis}{chapter.12}
\BOOKMARK [1][-]{section.12.7}{MVA optimization}{chapter.12}
\BOOKMARK [0][-]{chapter.13}{Mass fits}{part.2}
\BOOKMARK [1][-]{section.13.1}{Mass fits: muonic channels}{chapter.13}
\BOOKMARK [1][-]{section.13.2}{Mass fits: electronic channels}{chapter.13}
\BOOKMARK [2][-]{subsection.13.2.1}{Signal PDFs for the electronic channels in the central q2 interval}{section.13.2}
\BOOKMARK [2][-]{subsection.13.2.2}{Background PDFs for the electronic channels in the central q2 interval}{section.13.2}
\BOOKMARK [2][-]{subsection.13.2.3}{Summary of the fit to electronic channels in the central q2 interval}{section.13.2}
\BOOKMARK [2][-]{subsection.13.2.4}{Electron channels fits in the high q2 interval}{section.13.2}
\BOOKMARK [1][-]{section.13.3}{Fit summary}{chapter.13}
\BOOKMARK [0][-]{chapter.14}{Efficiency}{part.2}
\BOOKMARK [1][-]{section.14.1}{Data-simulation discrepancies}{chapter.14}
\BOOKMARK [1][-]{section.14.2}{Geometric efficiency}{chapter.14}
\BOOKMARK [1][-]{section.14.3}{Reconstruction efficiency and bin migration}{chapter.14}
\BOOKMARK [1][-]{section.14.4}{PID efficiency}{chapter.14}
\BOOKMARK [1][-]{section.14.5}{Trigger efficiency}{chapter.14}
\BOOKMARK [2][-]{subsection.14.5.1}{Muonic channels}{section.14.5}
\BOOKMARK [2][-]{subsection.14.5.2}{Electronic channels}{section.14.5}
\BOOKMARK [1][-]{section.14.6}{Neural Networks efficiency}{chapter.14}
\BOOKMARK [0][-]{chapter.15}{Systematic uncertainties}{part.2}
\BOOKMARK [0][-]{chapter.16}{Result extraction}{part.2}
\BOOKMARK [1][-]{section.16.1}{RJ-3mu/-2mu 2mu sanity check}{chapter.16}
\BOOKMARK [1][-]{section.16.2}{RK \040* result summary}{chapter.16}
\BOOKMARK [1][-]{section.16.3}{Branching ratios and expectations}{chapter.16}
